<?xml version="1.0" encoding="UTF-8"?>
<!-- Generated by org.testng.reporters.JUnitReportReporter -->
<testsuite skipped="0" hostname="Ranjit" name="com.testing.Regression.PageLaunch" tests="4" failures="0" timestamp="10 Jun 2018 00:37:52 GMT" time="5.321" errors="0">
  <testcase name="launchBrowser" time="5.242" classname="com.testing.Regression.PageLaunch"/>
  <testcase name="verifyPageTitle" time="0.019" classname="com.testing.Regression.PageLaunch"/>
  <testcase name="getCurrentUrl" time="0.051" classname="com.testing.Regression.PageLaunch"/>
  <testcase name="getTheWindowHandles" time="0.009" classname="com.testing.Regression.PageLaunch"/>
</testsuite> <!-- com.testing.Regression.PageLaunch -->
