<?xml version="1.0" encoding="UTF-8"?>
<!-- Generated by org.testng.reporters.JUnitReportReporter -->
<testsuite skipped="0" hostname="Ranjit" name="com.testing.Regression.PageLaunch" tests="1" failures="0" timestamp="10 Jun 2018 00:20:47 GMT" time="4.735" errors="0">
  <testcase name="launchBrowser" time="4.735" classname="com.testing.Regression.PageLaunch"/>
</testsuite> <!-- com.testing.Regression.PageLaunch -->
